<?xml version="1.0" encoding="UTF-8"?>
<testsuite xmlns:xsi="http://www.w3.org/2001/XMLSchema-instance" xsi:noNamespaceSchemaLocation="https://maven.apache.org/surefire/maven-surefire-plugin/xsd/surefire-test-report-3.0.xsd" version="3.0" name="TestSuite" time="56.413" tests="10" errors="0" skipped="0" failures="2">
  <properties>
    <property name="sun.desktop" value="windows"/>
    <property name="awt.toolkit" value="sun.awt.windows.WToolkit"/>
    <property name="file.encoding.pkg" value="sun.io"/>
    <property name="java.specification.version" value="1.8"/>
    <property name="webdriver.chrome.driver" value="chromedriver.exe"/>
    <property name="sun.cpu.isalist" value="amd64"/>
    <property name="sun.jnu.encoding" value="Cp1252"/>
    <property name="java.class.path" value="E:\ojtworkspace\maven\target\test-classes;E:\ojtworkspace\maven\target\classes;C:\Users\prajwal\.m2\repository\org\apache\poi\poi\3.17\poi-3.17.jar;C:\Users\prajwal\.m2\repository\commons-codec\commons-codec\1.10\commons-codec-1.10.jar;C:\Users\prajwal\.m2\repository\org\apache\commons\commons-collections4\4.1\commons-collections4-4.1.jar;C:\Users\prajwal\.m2\repository\net\sourceforge\jexcelapi\jxl\2.6.12\jxl-2.6.12.jar;C:\Users\prajwal\.m2\repository\log4j\log4j\1.2.14\log4j-1.2.14.jar;C:\Users\prajwal\.m2\repository\org\seleniumhq\selenium\selenium-java\3.141.59\selenium-java-3.141.59.jar;C:\Users\prajwal\.m2\repository\org\seleniumhq\selenium\selenium-api\3.141.59\selenium-api-3.141.59.jar;C:\Users\prajwal\.m2\repository\org\seleniumhq\selenium\selenium-chrome-driver\3.141.59\selenium-chrome-driver-3.141.59.jar;C:\Users\prajwal\.m2\repository\org\seleniumhq\selenium\selenium-edge-driver\3.141.59\selenium-edge-driver-3.141.59.jar;C:\Users\prajwal\.m2\repository\org\seleniumhq\selenium\selenium-firefox-driver\3.141.59\selenium-firefox-driver-3.141.59.jar;C:\Users\prajwal\.m2\repository\org\seleniumhq\selenium\selenium-ie-driver\3.141.59\selenium-ie-driver-3.141.59.jar;C:\Users\prajwal\.m2\repository\org\seleniumhq\selenium\selenium-opera-driver\3.141.59\selenium-opera-driver-3.141.59.jar;C:\Users\prajwal\.m2\repository\org\seleniumhq\selenium\selenium-remote-driver\3.141.59\selenium-remote-driver-3.141.59.jar;C:\Users\prajwal\.m2\repository\org\seleniumhq\selenium\selenium-safari-driver\3.141.59\selenium-safari-driver-3.141.59.jar;C:\Users\prajwal\.m2\repository\org\seleniumhq\selenium\selenium-support\3.141.59\selenium-support-3.141.59.jar;C:\Users\prajwal\.m2\repository\net\bytebuddy\byte-buddy\1.8.15\byte-buddy-1.8.15.jar;C:\Users\prajwal\.m2\repository\org\apache\commons\commons-exec\1.3\commons-exec-1.3.jar;C:\Users\prajwal\.m2\repository\com\google\guava\guava\25.0-jre\guava-25.0-jre.jar;C:\Users\prajwal\.m2\repository\com\google\code\findbugs\jsr305\1.3.9\jsr305-1.3.9.jar;C:\Users\prajwal\.m2\repository\org\checkerframework\checker-compat-qual\2.0.0\checker-compat-qual-2.0.0.jar;C:\Users\prajwal\.m2\repository\com\google\errorprone\error_prone_annotations\2.1.3\error_prone_annotations-2.1.3.jar;C:\Users\prajwal\.m2\repository\com\google\j2objc\j2objc-annotations\1.1\j2objc-annotations-1.1.jar;C:\Users\prajwal\.m2\repository\org\codehaus\mojo\animal-sniffer-annotations\1.14\animal-sniffer-annotations-1.14.jar;C:\Users\prajwal\.m2\repository\com\squareup\okhttp3\okhttp\3.11.0\okhttp-3.11.0.jar;C:\Users\prajwal\.m2\repository\com\squareup\okio\okio\1.14.0\okio-1.14.0.jar;C:\Users\prajwal\.m2\repository\org\testng\testng\7.4.0\testng-7.4.0.jar;C:\Users\prajwal\.m2\repository\com\beust\jcommander\1.78\jcommander-1.78.jar;C:\Users\prajwal\.m2\repository\org\webjars\jquery\3.5.1\jquery-3.5.1.jar;C:\Users\prajwal\.m2\repository\org\apache\poi\poi-ooxml\3.17\poi-ooxml-3.17.jar;C:\Users\prajwal\.m2\repository\org\apache\poi\poi-ooxml-schemas\3.17\poi-ooxml-schemas-3.17.jar;C:\Users\prajwal\.m2\repository\org\apache\xmlbeans\xmlbeans\2.6.0\xmlbeans-2.6.0.jar;C:\Users\prajwal\.m2\repository\stax\stax-api\1.0.1\stax-api-1.0.1.jar;C:\Users\prajwal\.m2\repository\com\github\virtuald\curvesapi\1.04\curvesapi-1.04.jar;C:\Users\prajwal\.m2\repository\com\relevantcodes\extentreports\2.41.2\extentreports-2.41.2.jar;C:\Users\prajwal\.m2\repository\org\jsoup\jsoup\1.8.3\jsoup-1.8.3.jar;C:\Users\prajwal\.m2\repository\org\xerial\sqlite-jdbc\3.8.11.1\sqlite-jdbc-3.8.11.1.jar;C:\Users\prajwal\.m2\repository\org\freemarker\freemarker\2.3.23\freemarker-2.3.23.jar;C:\Users\prajwal\.m2\repository\org\mongodb\mongodb-driver\3.0.4\mongodb-driver-3.0.4.jar;C:\Users\prajwal\.m2\repository\org\mongodb\bson\3.0.4\bson-3.0.4.jar;C:\Users\prajwal\.m2\repository\org\mongodb\mongodb-driver-core\3.0.4\mongodb-driver-core-3.0.4.jar;C:\Users\prajwal\.m2\repository\commons-io\commons-io\2.10.0\commons-io-2.10.0.jar;"/>
    <property name="java.vm.vendor" value="Oracle Corporation"/>
    <property name="sun.arch.data.model" value="64"/>
    <property name="user.variant" value=""/>
    <property name="java.vendor.url" value="http://java.oracle.com/"/>
    <property name="user.timezone" value="Asia/Calcutta"/>
    <property name="java.vm.specification.version" value="1.8"/>
    <property name="os.name" value="Windows 8.1"/>
    <property name="user.country" value="US"/>
    <property name="sun.java.launcher" value="SUN_STANDARD"/>
    <property name="sun.boot.library.path" value="C:\Program Files\Java\jdk1.8.0_181\jre\bin"/>
    <property name="sun.java.command" value="C:\Users\prajwal\AppData\Local\Temp\surefire8782257295477246233\surefirebooter7595333554680724934.jar C:\Users\prajwal\AppData\Local\Temp\surefire8782257295477246233 2021-07-10T10-28-51_352-jvmRun1 surefire2245278425273957674tmp surefire_05717743655648007102tmp"/>
    <property name="surefire.test.class.path" value="E:\ojtworkspace\maven\target\test-classes;E:\ojtworkspace\maven\target\classes;C:\Users\prajwal\.m2\repository\org\apache\poi\poi\3.17\poi-3.17.jar;C:\Users\prajwal\.m2\repository\commons-codec\commons-codec\1.10\commons-codec-1.10.jar;C:\Users\prajwal\.m2\repository\org\apache\commons\commons-collections4\4.1\commons-collections4-4.1.jar;C:\Users\prajwal\.m2\repository\net\sourceforge\jexcelapi\jxl\2.6.12\jxl-2.6.12.jar;C:\Users\prajwal\.m2\repository\log4j\log4j\1.2.14\log4j-1.2.14.jar;C:\Users\prajwal\.m2\repository\org\seleniumhq\selenium\selenium-java\3.141.59\selenium-java-3.141.59.jar;C:\Users\prajwal\.m2\repository\org\seleniumhq\selenium\selenium-api\3.141.59\selenium-api-3.141.59.jar;C:\Users\prajwal\.m2\repository\org\seleniumhq\selenium\selenium-chrome-driver\3.141.59\selenium-chrome-driver-3.141.59.jar;C:\Users\prajwal\.m2\repository\org\seleniumhq\selenium\selenium-edge-driver\3.141.59\selenium-edge-driver-3.141.59.jar;C:\Users\prajwal\.m2\repository\org\seleniumhq\selenium\selenium-firefox-driver\3.141.59\selenium-firefox-driver-3.141.59.jar;C:\Users\prajwal\.m2\repository\org\seleniumhq\selenium\selenium-ie-driver\3.141.59\selenium-ie-driver-3.141.59.jar;C:\Users\prajwal\.m2\repository\org\seleniumhq\selenium\selenium-opera-driver\3.141.59\selenium-opera-driver-3.141.59.jar;C:\Users\prajwal\.m2\repository\org\seleniumhq\selenium\selenium-remote-driver\3.141.59\selenium-remote-driver-3.141.59.jar;C:\Users\prajwal\.m2\repository\org\seleniumhq\selenium\selenium-safari-driver\3.141.59\selenium-safari-driver-3.141.59.jar;C:\Users\prajwal\.m2\repository\org\seleniumhq\selenium\selenium-support\3.141.59\selenium-support-3.141.59.jar;C:\Users\prajwal\.m2\repository\net\bytebuddy\byte-buddy\1.8.15\byte-buddy-1.8.15.jar;C:\Users\prajwal\.m2\repository\org\apache\commons\commons-exec\1.3\commons-exec-1.3.jar;C:\Users\prajwal\.m2\repository\com\google\guava\guava\25.0-jre\guava-25.0-jre.jar;C:\Users\prajwal\.m2\repository\com\google\code\findbugs\jsr305\1.3.9\jsr305-1.3.9.jar;C:\Users\prajwal\.m2\repository\org\checkerframework\checker-compat-qual\2.0.0\checker-compat-qual-2.0.0.jar;C:\Users\prajwal\.m2\repository\com\google\errorprone\error_prone_annotations\2.1.3\error_prone_annotations-2.1.3.jar;C:\Users\prajwal\.m2\repository\com\google\j2objc\j2objc-annotations\1.1\j2objc-annotations-1.1.jar;C:\Users\prajwal\.m2\repository\org\codehaus\mojo\animal-sniffer-annotations\1.14\animal-sniffer-annotations-1.14.jar;C:\Users\prajwal\.m2\repository\com\squareup\okhttp3\okhttp\3.11.0\okhttp-3.11.0.jar;C:\Users\prajwal\.m2\repository\com\squareup\okio\okio\1.14.0\okio-1.14.0.jar;C:\Users\prajwal\.m2\repository\org\testng\testng\7.4.0\testng-7.4.0.jar;C:\Users\prajwal\.m2\repository\com\beust\jcommander\1.78\jcommander-1.78.jar;C:\Users\prajwal\.m2\repository\org\webjars\jquery\3.5.1\jquery-3.5.1.jar;C:\Users\prajwal\.m2\repository\org\apache\poi\poi-ooxml\3.17\poi-ooxml-3.17.jar;C:\Users\prajwal\.m2\repository\org\apache\poi\poi-ooxml-schemas\3.17\poi-ooxml-schemas-3.17.jar;C:\Users\prajwal\.m2\repository\org\apache\xmlbeans\xmlbeans\2.6.0\xmlbeans-2.6.0.jar;C:\Users\prajwal\.m2\repository\stax\stax-api\1.0.1\stax-api-1.0.1.jar;C:\Users\prajwal\.m2\repository\com\github\virtuald\curvesapi\1.04\curvesapi-1.04.jar;C:\Users\prajwal\.m2\repository\com\relevantcodes\extentreports\2.41.2\extentreports-2.41.2.jar;C:\Users\prajwal\.m2\repository\org\jsoup\jsoup\1.8.3\jsoup-1.8.3.jar;C:\Users\prajwal\.m2\repository\org\xerial\sqlite-jdbc\3.8.11.1\sqlite-jdbc-3.8.11.1.jar;C:\Users\prajwal\.m2\repository\org\freemarker\freemarker\2.3.23\freemarker-2.3.23.jar;C:\Users\prajwal\.m2\repository\org\mongodb\mongodb-driver\3.0.4\mongodb-driver-3.0.4.jar;C:\Users\prajwal\.m2\repository\org\mongodb\bson\3.0.4\bson-3.0.4.jar;C:\Users\prajwal\.m2\repository\org\mongodb\mongodb-driver-core\3.0.4\mongodb-driver-core-3.0.4.jar;C:\Users\prajwal\.m2\repository\commons-io\commons-io\2.10.0\commons-io-2.10.0.jar;"/>
    <property name="sun.cpu.endian" value="little"/>
    <property name="user.home" value="C:\Users\prajwal"/>
    <property name="user.language" value="en"/>
    <property name="java.specification.vendor" value="Oracle Corporation"/>
    <property name="java.home" value="C:\Program Files\Java\jdk1.8.0_181\jre"/>
    <property name="basedir" value="E:\ojtworkspace\maven"/>
    <property name="file.separator" value="\"/>
    <property name="line.separator" value="&#10;"/>
    <property name="java.vm.specification.vendor" value="Oracle Corporation"/>
    <property name="java.specification.name" value="Java Platform API Specification"/>
    <property name="java.awt.graphicsenv" value="sun.awt.Win32GraphicsEnvironment"/>
    <property name="surefire.real.class.path" value="C:\Users\prajwal\AppData\Local\Temp\surefire8782257295477246233\surefirebooter7595333554680724934.jar"/>
    <property name="sun.boot.class.path" value="C:\Program Files\Java\jdk1.8.0_181\jre\lib\resources.jar;C:\Program Files\Java\jdk1.8.0_181\jre\lib\rt.jar;C:\Program Files\Java\jdk1.8.0_181\jre\lib\sunrsasign.jar;C:\Program Files\Java\jdk1.8.0_181\jre\lib\jsse.jar;C:\Program Files\Java\jdk1.8.0_181\jre\lib\jce.jar;C:\Program Files\Java\jdk1.8.0_181\jre\lib\charsets.jar;C:\Program Files\Java\jdk1.8.0_181\jre\lib\jfr.jar;C:\Program Files\Java\jdk1.8.0_181\jre\classes"/>
    <property name="user.script" value=""/>
    <property name="sun.management.compiler" value="HotSpot 64-Bit Tiered Compilers"/>
    <property name="java.runtime.version" value="1.8.0_181-b13"/>
    <property name="user.name" value="prajwal"/>
    <property name="path.separator" value=";"/>
    <property name="os.version" value="6.3"/>
    <property name="java.endorsed.dirs" value="C:\Program Files\Java\jdk1.8.0_181\jre\lib\endorsed"/>
    <property name="java.runtime.name" value="Java(TM) SE Runtime Environment"/>
    <property name="file.encoding" value="Cp1252"/>
    <property name="java.vm.name" value="Java HotSpot(TM) 64-Bit Server VM"/>
    <property name="localRepository" value="C:\Users\prajwal\.m2\repository"/>
    <property name="java.vendor.url.bug" value="http://bugreport.sun.com/bugreport/"/>
    <property name="java.io.tmpdir" value="C:\Users\prajwal\AppData\Local\Temp\"/>
    <property name="java.version" value="1.8.0_181"/>
    <property name="user.dir" value="E:\ojtworkspace\maven"/>
    <property name="os.arch" value="amd64"/>
    <property name="java.vm.specification.name" value="Java Virtual Machine Specification"/>
    <property name="java.awt.printerjob" value="sun.awt.windows.WPrinterJob"/>
    <property name="sun.os.patch.level" value=""/>
    <property name="java.library.path" value="C:\Program Files\Java\jdk1.8.0_181\jre\bin;C:\Windows\Sun\Java\bin;C:\Windows\system32;C:\Windows;C:\apache-maven-3.8.1/bin;C:\app\prajwal\product\18.0.0\dbhomeXE\bin;C:\Program Files\Java\jdk1.8.0_181\bin;C:\Program Files\Git\cmd;C:\Program Files\Java\jdk-16.0.1\bin;C:\Program Files\MySQL\MySQL Shell 8.0\bin\;.;;.;;.;;."/>
    <property name="java.vm.info" value="mixed mode"/>
    <property name="java.vendor" value="Oracle Corporation"/>
    <property name="java.vm.version" value="25.181-b13"/>
    <property name="java.ext.dirs" value="C:\Program Files\Java\jdk1.8.0_181\jre\lib\ext;C:\Windows\Sun\Java\lib\ext"/>
    <property name="sun.io.unicode.encoding" value="UnicodeLittle"/>
    <property name="java.class.version" value="52.0"/>
  </properties>
  <testcase name="Test01" classname="com.test.DemoTest" time="7.451">
    <system-err><![CDATA[Starting ChromeDriver 90.0.4430.24 (4c6d850f087da467d926e8eddb76550aed655991-refs/branch-heads/4430@{#429}) on port 48389
Only local connections are allowed.
Please see https://chromedriver.chromium.org/security-considerations for suggestions on keeping ChromeDriver safe.
ChromeDriver was started successfully.
[1625893136.718][WARNING]: This version of ChromeDriver has not been tested with Chrome version 91.
Jul 10, 2021 10:28:57 AM org.openqa.selenium.remote.ProtocolHandshake createSession
INFO: Detected dialect: W3C
]]></system-err>
  </testcase>
  <testcase name="verifyTable" classname="com.test.DemoTest" time="8.956">
    <system-out><![CDATA[{1=[Kiran, kiran@gmail.com, 9898989898, Java/J2EE, Male, Maharashtra, Delete], 2=[Sagar, sagar@gmail.com, 999999999, Selenium, Male, Punjab, Delete], #=[Username, Email, Mobile, Course, Gender, State, Action], 3=[Monica, monica@gmail.com, 1111111111, Python, Female, Maharashtra, Delete], 4=[Kimaya, kimaya@gmail.com, 999999999, PHP, Female, Punjab, Delete]}
{1=[Kiran, kiran@gmail.com, 9898989898, Java/J2EE, Male, Maharashtra, Delete], 2=[Sagar, sagar@gmail.com, 999999999, Selenium, Male, Punjab, Delete], #=[Username, Email, Mobile, Course, Gender, State, Action], 3=[Monica, monica@gmail.com, 1111111111, Python, Female, Maharashtra, Delete], 4=[Kimaya, kimaya@gmail.com, 999999999, PHP, Female, Punjab, Delete]}
]]></system-out>
    <system-err><![CDATA[Starting ChromeDriver 90.0.4430.24 (4c6d850f087da467d926e8eddb76550aed655991-refs/branch-heads/4430@{#429}) on port 26348
Only local connections are allowed.
Please see https://chromedriver.chromium.org/security-considerations for suggestions on keeping ChromeDriver safe.
ChromeDriver was started successfully.
[1625893143.494][WARNING]: This version of ChromeDriver has not been tested with Chrome version 91.
Jul 10, 2021 10:29:03 AM org.openqa.selenium.remote.ProtocolHandshake createSession
INFO: Detected dialect: W3C
Warning:  Cannot determine link type
Warning:  Cannot determine link type
Warning:  Cannot determine link type
Warning:  Cannot determine link type
Warning:  Cannot determine link type
Warning:  Cannot determine link type
Warning:  Cannot determine link type
Warning:  Cannot determine link type
Warning:  Cannot determine link type
Warning:  Cannot determine link type
Warning:  Cannot determine link type
Warning:  Cannot determine link type
Warning:  Cannot determine link type
Warning:  Cannot determine link type
Warning:  Cannot determine link type
Warning:  Cannot determine link type
Warning:  Cannot determine link type
Warning:  Cannot determine link type
Warning:  Cannot determine link type
Warning:  Cannot determine link type
Warning:  Cannot determine link type
Warning:  Cannot determine link type
Warning:  Cannot determine link type
Warning:  Cannot determine link type
Warning:  Cannot determine link type
Warning:  Cannot determine link type
Warning:  Cannot determine link type
Warning:  Cannot determine link type
Warning:  Cannot determine link type
Warning:  Cannot determine link type
Warning:  Cannot determine link type
Warning:  Cannot determine link type
Warning:  Cannot determine link type
Warning:  Cannot determine link type
Warning:  Cannot determine link type
Warning:  Cannot determine link type
Warning:  Cannot determine link type
Warning:  Cannot determine link type
Warning:  Cannot determine link type
Warning:  Cannot determine link type
Warning:  Cannot determine link type
Warning:  Cannot determine link type
Warning:  Cannot determine link type
Warning:  Cannot determine link type
Warning:  Cannot determine link type
Warning:  Cannot determine link type
Warning:  Cannot determine link type
Warning:  Cannot determine link type
Warning:  Cannot determine link type
Warning:  Cannot determine link type
Warning:  Cannot determine link type
Warning:  Cannot determine link type
Warning:  Cannot determine link type
Warning:  Cannot determine link type
Warning:  Cannot determine link type
Warning:  Cannot determine link type
Warning:  Cannot determine link type
Warning:  Cannot determine link type
Warning:  Cannot determine link type
Warning:  Cannot determine link type
Warning:  Cannot determine link type
Warning:  Cannot determine link type
Warning:  Cannot determine link type
Warning:  Cannot determine link type
Warning:  Cannot determine link type
Warning:  Cannot determine link type
Warning:  Cannot determine link type
Warning:  Cannot determine link type
Warning:  Cannot determine link type
Warning:  Cannot determine link type
Warning:  Cannot determine link type
Warning:  Cannot determine link type
Warning:  Cannot determine link type
Warning:  Cannot determine link type
Warning:  Cannot determine link type
Warning:  Cannot determine link type
Warning:  Cannot determine link type
Warning:  Cannot determine link type
Warning:  Cannot determine link type
Warning:  Cannot determine link type
Warning:  Cannot determine link type
Warning:  Cannot determine link type
Warning:  Cannot determine link type
Warning:  Cannot determine link type
Warning:  Cannot determine link type
Warning:  Cannot determine link type
Warning:  Cannot determine link type
Warning:  Cannot determine link type
Warning:  Cannot determine link type
Warning:  Cannot determine link type
Warning:  Cannot determine link type
Warning:  Cannot determine link type
Warning:  Cannot determine link type
Warning:  Cannot determine link type
Warning:  Cannot determine link type
Warning:  Cannot determine link type
Warning:  Cannot determine link type
Warning:  Cannot determine link type
Warning:  Cannot determine link type
Warning:  Cannot determine link type
Warning:  Cannot determine link type
Warning:  Cannot determine link type
Warning:  Cannot determine link type
Warning:  Cannot determine link type
Warning:  Cannot determine link type
Warning:  Cannot determine link type
Warning:  Cannot determine link type
Warning:  Cannot determine link type
Warning:  Cannot determine link type
Warning:  Cannot determine link type
Warning:  Cannot determine link type
Warning:  Cannot determine link type
Warning:  Cannot determine link type
Warning:  Cannot determine link type
Warning:  Cannot determine link type
Warning:  Cannot determine link type
Warning:  Cannot determine link type
Warning:  Cannot determine link type
Warning:  Cannot determine link type
Warning:  Cannot determine link type
Warning:  Cannot determine link type
Warning:  Cannot determine link type
Warning:  Cannot determine link type
Warning:  Cannot determine link type
Warning:  Cannot determine link type
Warning:  Cannot determine link type
Warning:  Cannot determine link type
Warning:  Cannot determine link type
Warning:  Cannot determine link type
Warning:  Cannot determine link type
Warning:  Cannot determine link type
Warning:  Cannot determine link type
Warning:  Cannot determine link type
Warning:  Cannot determine link type
Warning:  Cannot determine link type
Warning:  Cannot determine link type
Warning:  Cannot determine link type
Warning:  Cannot determine link type
Warning:  Cannot determine link type
Warning:  Cannot determine link type
Warning:  Cannot determine link type
Warning:  Cannot determine link type
Warning:  Cannot determine link type
Warning:  Cannot determine link type
Warning:  Cannot determine link type
Warning:  Cannot determine link type
Warning:  Cannot determine link type
Warning:  Cannot determine link type
Warning:  Cannot determine link type
Warning:  Cannot determine link type
Warning:  Cannot determine link type
Warning:  Cannot determine link type
Warning:  Cannot determine link type
Warning:  Cannot determine link type
Warning:  Cannot determine link type
Warning:  Cannot determine link type
Warning:  Cannot determine link type
Warning:  Cannot determine link type
Warning:  Cannot determine link type
Warning:  Cannot determine link type
]]></system-err>
  </testcase>
  <testcase name="test01" classname="com.test.DemoTest1" time="6.302">
    <system-err><![CDATA[Starting ChromeDriver 90.0.4430.24 (4c6d850f087da467d926e8eddb76550aed655991-refs/branch-heads/4430@{#429}) on port 14943
Only local connections are allowed.
Please see https://chromedriver.chromium.org/security-considerations for suggestions on keeping ChromeDriver safe.
ChromeDriver was started successfully.
[1625893152.538][WARNING]: This version of ChromeDriver has not been tested with Chrome version 91.
Jul 10, 2021 10:29:12 AM org.openqa.selenium.remote.ProtocolHandshake createSession
INFO: Detected dialect: W3C
]]></system-err>
  </testcase>
  <testcase name="verifyExcleData" classname="com.test.DemoTest1" time="0.111">
    <system-out><![CDATA[0 : [Name, Gender, Kiran, Male, Sagar, Male, Monica, Female, Kimaya, Female]
1 : [Name, Gender, Kiran, Male, Sagar, Male, Monica, Female, Kimaya, Female]
2 : [Name, Gender, Kiran, Male, Sagar, Male, Monica, Female, Kimaya, Female]
3 : [Name, Gender, Kiran, Male, Sagar, Male, Monica, Female, Kimaya, Female]
4 : [Name, Gender, Kiran, Male, Sagar, Male, Monica, Female, Kimaya, Female]
]]></system-out>
  </testcase>
  <testcase name="emailTest" classname="com.test.AddUserTest" time="0.038">
    <failure type="java.lang.NullPointerException"><![CDATA[java.lang.NullPointerException
	at com.test.AddUserTest.getCellData(AddUserTest.java:39)
	at com.test.AddUserTest.emailTest(AddUserTest.java:92)
]]></failure>
    <system-err><![CDATA[Starting ChromeDriver 90.0.4430.24 (4c6d850f087da467d926e8eddb76550aed655991-refs/branch-heads/4430@{#429}) on port 42910
Only local connections are allowed.
Please see https://chromedriver.chromium.org/security-considerations for suggestions on keeping ChromeDriver safe.
ChromeDriver was started successfully.
[1625893158.596][WARNING]: This version of ChromeDriver has not been tested with Chrome version 91.
Jul 10, 2021 10:29:18 AM org.openqa.selenium.remote.ProtocolHandshake createSession
INFO: Detected dialect: W3C
java.io.FileNotFoundException: emailTest.xls (The system cannot find the file specified)
	at java.io.FileInputStream.open0(Native Method)
	at java.io.FileInputStream.open(FileInputStream.java:195)
	at java.io.FileInputStream.<init>(FileInputStream.java:138)
	at java.io.FileInputStream.<init>(FileInputStream.java:93)
	at com.test.AddUserTest.getCellData(AddUserTest.java:34)
	at com.test.AddUserTest.emailTest(AddUserTest.java:92)
	at sun.reflect.NativeMethodAccessorImpl.invoke0(Native Method)
	at sun.reflect.NativeMethodAccessorImpl.invoke(NativeMethodAccessorImpl.java:62)
	at sun.reflect.DelegatingMethodAccessorImpl.invoke(DelegatingMethodAccessorImpl.java:43)
	at java.lang.reflect.Method.invoke(Method.java:498)
	at org.testng.internal.MethodInvocationHelper.invokeMethod(MethodInvocationHelper.java:133)
	at org.testng.internal.TestInvoker.invokeMethod(TestInvoker.java:598)
	at org.testng.internal.TestInvoker.invokeTestMethod(TestInvoker.java:173)
	at org.testng.internal.MethodRunner.runInSequence(MethodRunner.java:46)
	at org.testng.internal.TestInvoker$MethodInvocationAgent.invoke(TestInvoker.java:824)
	at org.testng.internal.TestInvoker.invokeTestMethods(TestInvoker.java:146)
	at org.testng.internal.TestMethodWorker.invokeTestMethods(TestMethodWorker.java:146)
	at org.testng.internal.TestMethodWorker.run(TestMethodWorker.java:128)
	at java.util.ArrayList.forEach(ArrayList.java:1257)
	at org.testng.TestRunner.privateRun(TestRunner.java:794)
	at org.testng.TestRunner.run(TestRunner.java:596)
	at org.testng.SuiteRunner.runTest(SuiteRunner.java:377)
	at org.testng.SuiteRunner.runSequentially(SuiteRunner.java:371)
	at org.testng.SuiteRunner.privateRun(SuiteRunner.java:332)
	at org.testng.SuiteRunner.run(SuiteRunner.java:276)
	at org.testng.SuiteRunnerWorker.runSuite(SuiteRunnerWorker.java:53)
	at org.testng.SuiteRunnerWorker.run(SuiteRunnerWorker.java:96)
	at org.testng.TestNG.runSuitesSequentially(TestNG.java:1212)
	at org.testng.TestNG.runSuitesLocally(TestNG.java:1134)
	at org.testng.TestNG.runSuites(TestNG.java:1063)
	at org.testng.TestNG.run(TestNG.java:1031)
	at org.apache.maven.surefire.testng.TestNGExecutor.run(TestNGExecutor.java:284)
	at org.apache.maven.surefire.testng.TestNGXmlTestSuite.execute(TestNGXmlTestSuite.java:75)
	at org.apache.maven.surefire.testng.TestNGProvider.invoke(TestNGProvider.java:119)
	at org.apache.maven.surefire.booter.ForkedBooter.runSuitesInProcess(ForkedBooter.java:428)
	at org.apache.maven.surefire.booter.ForkedBooter.execute(ForkedBooter.java:162)
	at org.apache.maven.surefire.booter.ForkedBooter.run(ForkedBooter.java:562)
	at org.apache.maven.surefire.booter.ForkedBooter.main(ForkedBooter.java:548)
]]></system-err>
  </testcase>
  <testcase name="mobileTest" classname="com.test.AddUserTest" time="0.33"/>
  <testcase name="verifyAddUser" classname="com.test.AddUserTest" time="6.232"/>
  <testcase name="maxTimeCount" classname="com.test.OperatorTest" time="0.098">
    <system-out><![CDATA[07:00 AM  10:00 PM
wroking hours: 15.0
15.0
09:00 AM  06:00 PM
wroking hours: 9.0
9.0
09:00 AM  06:00 PM
wroking hours: 9.0
9.0
09:00 AM  06:00 PM
wroking hours: 9.0
9.0
08:30 AM  02:00 PM
wroking hours: 6.0
6.0
]]></system-out>
    <system-err><![CDATA[Starting ChromeDriver 90.0.4430.24 (4c6d850f087da467d926e8eddb76550aed655991-refs/branch-heads/4430@{#429}) on port 15070
Only local connections are allowed.
Please see https://chromedriver.chromium.org/security-considerations for suggestions on keeping ChromeDriver safe.
ChromeDriver was started successfully.
[1625893170.848][WARNING]: This version of ChromeDriver has not been tested with Chrome version 91.
Jul 10, 2021 10:29:30 AM org.openqa.selenium.remote.ProtocolHandshake createSession
INFO: Detected dialect: W3C
]]></system-err>
  </testcase>
  <testcase name="verifyDetailDescOfRole" classname="com.test.OperatorTest" time="0.116">
    <system-out><![CDATA[Errors, Software, Technical Materials
Fees, ID Card, Certificates, WhatsApp Group, Enquiry
Course Details, Fees, Enquiry
]]></system-out>
    <system-err><![CDATA[Starting ChromeDriver 90.0.4430.24 (4c6d850f087da467d926e8eddb76550aed655991-refs/branch-heads/4430@{#429}) on port 28056
Only local connections are allowed.
Please see https://chromedriver.chromium.org/security-considerations for suggestions on keeping ChromeDriver safe.
ChromeDriver was started successfully.
[1625893176.414][WARNING]: This version of ChromeDriver has not been tested with Chrome version 91.
Jul 10, 2021 10:29:36 AM org.openqa.selenium.remote.ProtocolHandshake createSession
INFO: Detected dialect: W3C
]]></system-err>
  </testcase>
  <testcase name="verifyUserWithAndTimingContact" classname="com.test.OperatorTest" time="1.472">
    <failure message="Maps do not match for key:Neelam actual:[7066885937, 09:00 AM to 06:00 PM Monday-Saturday] expected:[7066885937, 09:00 AM to 06:00 PM Monday-Saturday]" type="java.lang.AssertionError"><![CDATA[java.lang.AssertionError: Maps do not match for key:Neelam actual:[7066885937, 09:00 AM to 06:00 PM Monday-Saturday] expected:[7066885937, 09:00 AM to 06:00 PM Monday-Saturday]
	at com.test.OperatorTest.verifyUserWithAndTimingContact(OperatorTest.java:73)
]]></failure>
    <system-out><![CDATA[The Actual HashMap With Name,Contact,Time for available
{Neelam=[7066885937, 09:00 AM to 06:00 PM Monday-Saturday], Kiran=[9552343698, 07:00 AM to 10:00 PM Monday-Sunday], Seema=[8888558802, 09:00 AM to 06:00 PM Monday-Saturday], Varsha=[8888809416, 09:00 AM to 06:00 PM Monday to Friday and Sunday], Darshit=[8866888662, 08:30 AM to 02:00 PM Saturday-Sunday]}
The Expected HashMap With Name,Contact,Time for available
{Neelam=[7066885937, 09:00 AM to 06:00 PM Monday-Saturday], Kiran=[9552343698, 07:00 AM to 10:00 PM Monday-Sunday], Seema=[8888558802, 09:00 AM to 06:00 PM Monday-Saturday], Varsha=[8888809416, 09:00 AM to 06:00 PM Monday to Friday and Sunday], Darshit=[8866888662, 08:30 AM to 02:00 PM Saturday-Sunday]}
]]></system-out>
    <system-err><![CDATA[Starting ChromeDriver 90.0.4430.24 (4c6d850f087da467d926e8eddb76550aed655991-refs/branch-heads/4430@{#429}) on port 14311
Only local connections are allowed.
Please see https://chromedriver.chromium.org/security-considerations for suggestions on keeping ChromeDriver safe.
ChromeDriver was started successfully.
[1625893182.047][WARNING]: This version of ChromeDriver has not been tested with Chrome version 91.
Jul 10, 2021 10:29:42 AM org.openqa.selenium.remote.ProtocolHandshake createSession
INFO: Detected dialect: W3C
]]></system-err>
  </testcase>
</testsuite>