<?xml version="1.0" encoding="UTF-8"?>
<!-- Generated by org.testng.reporters.JUnitReportReporter -->
<testsuite skipped="0" hostname="PRAJWAL-PC" name="com.test.UserPageTest" tests="1" failures="0" timestamp="07 Jul 2021 10:21:03 GMT" time="13.330" errors="0">
  <testcase name="verifyHeader" time="13.330" classname="com.test.UserPageTest"/>
</testsuite> <!-- com.test.UserPageTest -->
