<?xml version="1.0" encoding="UTF-8"?>
<!-- Generated by org.testng.reporters.JUnitReportReporter -->
<testsuite skipped="0" hostname="PRAJWAL-PC" name="com.test.OperatorTest" tests="1" failures="0" timestamp="02 Jul 2021 07:09:38 GMT" time="4.104" errors="0">
  <testcase name="maxTimeCount" time="4.104" classname="com.test.OperatorTest"/>
</testsuite> <!-- com.test.OperatorTest -->
