<?xml version="1.0" encoding="UTF-8"?>
<!-- Generated by org.testng.reporters.JUnitReportReporter -->
<testsuite skipped="0" hostname="PRAJWAL-PC" name="com.test.ActionClassDemo" tests="1" failures="0" timestamp="22 Jul 2021 08:39:23 GMT" time="2.721" errors="0">
  <testcase name="actionClassMethods" time="2.721" classname="com.test.ActionClassDemo"/>
</testsuite> <!-- com.test.ActionClassDemo -->
