<?xml version="1.0" encoding="UTF-8"?>
<!-- Generated by org.testng.reporters.JUnitReportReporter -->
<testsuite skipped="0" hostname="PRAJWAL-PC" name="com.test.JavaScriptExecutor" tests="1" failures="0" timestamp="20 Jul 2021 08:23:14 GMT" time="14.128" errors="0">
  <testcase name="scrollBar" time="14.128" classname="com.test.JavaScriptExecutor"/>
</testsuite> <!-- com.test.JavaScriptExecutor -->
