<?xml version="1.0" encoding="UTF-8"?>
<!-- Generated by org.testng.reporters.JUnitReportReporter -->
<testsuite skipped="0" hostname="PRAJWAL-PC" name="com.test.DemoTest1" tests="2" failures="0" timestamp="2021-07-10T10:29:49 IST" time="6.443" errors="0">
  <testcase name="test01" time="6.311" classname="com.test.DemoTest1"/>
  <system-out/>
  <testcase name="verifyExcleData" time="0.132" classname="com.test.DemoTest1"/>
  <system-out/>
</testsuite> <!-- com.test.DemoTest1 -->
