<?xml version="1.0" encoding="UTF-8"?>
<!-- Generated by org.testng.reporters.JUnitReportReporter -->
<testsuite skipped="0" hostname="PRAJWAL-PC" name="com.test.DemoTest" tests="2" failures="0" timestamp="2021-07-10T10:29:49 IST" time="16.332" errors="0">
  <testcase name="verifyTable" time="8.917" classname="com.test.DemoTest"/>
  <system-out/>
  <testcase name="Test01" time="7.415" classname="com.test.DemoTest"/>
  <system-out/>
</testsuite> <!-- com.test.DemoTest -->
